0 info it worked if it ends with ok
1 verbose cli [ 'C:\\Program Files\\nodejs\\node.exe',
1 verbose cli   'C:\\Program Files\\nodejs\\node_modules\\npm\\bin\\npm-cli.js',
1 verbose cli   'run',
1 verbose cli   'dev' ]
2 info using npm@3.3.12
3 info using node@v5.2.0
4 verbose run-script [ 'predev', 'dev', 'postdev' ]
5 info lifecycle webpack@1.0.0~predev: webpack@1.0.0
6 silly lifecycle webpack@1.0.0~predev: no script for predev, continuing
7 info lifecycle webpack@1.0.0~dev: webpack@1.0.0
8 verbose lifecycle webpack@1.0.0~dev: unsafe-perm in lifecycle true
9 verbose lifecycle webpack@1.0.0~dev: PATH: C:\Program Files\nodejs\node_modules\npm\bin\node-gyp-bin;C:\Users\XULE\WebstormProjects\webpack\node_modules\.bin;C:\ProgramData\Oracle\Java\javapath;C:\Program Files (x86)\Common Files\Oracle\Java\javapath;C:\WINDOWS\system32;C:\WINDOWS;C:\WINDOWS\System32\Wbem;C:\WINDOWS\System32\WindowsPowerShell\v1.0\;C:\Program Files (x86)\ATI Technologies\ATI.ACE\Core-Static;C:\Program Files\Lenovo\Bluetooth Software\;C:\Program Files\Lenovo\Bluetooth Software\syswow64;E:\smh\mygit\Git\cmd;C:\WINDOWS\System32\OpenSSH\;"C:\Program Files\Java\jdk1.8.0_31\bin;C:\Program Files\Java\jdk1.8.0_31\jre\bin";C:\Users\XULE\Desktop\新建文件夹 (3)\selenium-2.53.0\selenium-server-standalone-2.53.0.jar;C:\;PN\bin;C:\VPN\bin;E:\Git\cmd;C:\Program Files (x86)\Mozilla Firefox;D:\VPN\bin;C:\Users\XULE\Downloads\allure-2.6.0\allure-2.6.0\bin;C:\strawberry\c\bin;C:\strawberry\perl\bin;C:\Program Files\MySQL\MySQL Server 5.7\bin;C:\Users\XULE\Downloads\apache-maven-3.6.0-bin\apache-maven-3.6.0\bin;C:\Program Files\Java\jdk1.8.0_31\bin;C:\Users\XULE\Downloads\httpd-2.4.39-win32-VC15\Apache24\bin;E:\java自动化\新建文件夹\AppServ;C:\Program Files\nodejs\;C:\Users\XULE\AppData\Local\Microsoft\WindowsApps;D:\Fiddler;C:\Users\XULE\AppData\Local\Microsoft\WindowsApps;C:\Users\XULE\AppData\Roaming\npm
10 verbose lifecycle webpack@1.0.0~dev: CWD: C:\Users\XULE\WebstormProjects\webpack
11 silly lifecycle webpack@1.0.0~dev: Args: [ '/d /s /c', 'webpack-dev-server' ]
12 silly lifecycle webpack@1.0.0~dev: Returned: code: 1  signal: null
13 info lifecycle webpack@1.0.0~dev: Failed to exec dev script
14 verbose stack Error: webpack@1.0.0 dev: `webpack-dev-server`
14 verbose stack Exit status 1
14 verbose stack     at EventEmitter.<anonymous> (C:\Program Files\nodejs\node_modules\npm\lib\utils\lifecycle.js:232:16)
14 verbose stack     at emitTwo (events.js:88:13)
14 verbose stack     at EventEmitter.emit (events.js:173:7)
14 verbose stack     at ChildProcess.<anonymous> (C:\Program Files\nodejs\node_modules\npm\lib\utils\spawn.js:24:14)
14 verbose stack     at emitTwo (events.js:88:13)
14 verbose stack     at ChildProcess.emit (events.js:173:7)
14 verbose stack     at maybeClose (internal/child_process.js:819:16)
14 verbose stack     at Process.ChildProcess._handle.onexit (internal/child_process.js:212:5)
15 verbose pkgid webpack@1.0.0
16 verbose cwd C:\Users\XULE\WebstormProjects\webpack
17 error Windows_NT 10.0.17134
18 error argv "C:\\Program Files\\nodejs\\node.exe" "C:\\Program Files\\nodejs\\node_modules\\npm\\bin\\npm-cli.js" "run" "dev"
19 error node v5.2.0
20 error npm  v3.3.12
21 error code ELIFECYCLE
22 error webpack@1.0.0 dev: `webpack-dev-server`
22 error Exit status 1
23 error Failed at the webpack@1.0.0 dev script 'webpack-dev-server'.
23 error Make sure you have the latest version of node.js and npm installed.
23 error If you do, this is most likely a problem with the webpack package,
23 error not with npm itself.
23 error Tell the author that this fails on your system:
23 error     webpack-dev-server
23 error You can get their info via:
23 error     npm owner ls webpack
23 error There is likely additional logging output above.
24 verbose exit [ 1, true ]
